  main.cpp
Z:\Egyetem\Projects\CPM\CPM\main.cpp(36,12): warning C4244: 'argument': conversion from 'time_t' to 'unsigned int', possible loss of data
Z:\Egyetem\Projects\CPM\CPM\main.cpp(75,12): warning C4244: 'argument': conversion from 'time_t' to 'unsigned int', possible loss of data
Z:\Egyetem\Projects\CPM\CPM\main.cpp(121,12): warning C4244: 'argument': conversion from 'time_t' to 'unsigned int', possible loss of data
Z:\Egyetem\Projects\CPM\CPM\main.cpp(165,12): warning C4244: 'argument': conversion from 'time_t' to 'unsigned int', possible loss of data
C:\Program Files (x86)\Microsoft Visual Studio\2019\Community\VC\Tools\MSVC\14.28.29333\include\utility(190,1): warning C4267: 'initializing': conversion from 'size_t' to '_Ty1', possible loss of data
          with
          [
              _Ty1=int
          ]
Z:\Egyetem\Projects\CPM\CPM\main.cpp(23): message : see reference to function template instantiation 'std::pair<int,int>::pair<size_t&,size_t&,0>(_Other1,_Other2) noexcept' being compiled
          with
          [
              _Other1=size_t &,
              _Other2=size_t &
          ]
Z:\Egyetem\Projects\CPM\CPM\main.cpp(23): message : see reference to function template instantiation 'std::pair<int,int>::pair<size_t&,size_t&,0>(_Other1,_Other2) noexcept' being compiled
          with
          [
              _Other1=size_t &,
              _Other2=size_t &
          ]
C:\Program Files (x86)\Microsoft Visual Studio\2019\Community\VC\Tools\MSVC\14.28.29333\include\utility(190,1): warning C4267: 'initializing': conversion from 'size_t' to '_Ty2', possible loss of data
          with
          [
              _Ty2=int
          ]
  CPM.vcxproj -> Z:\Egyetem\Projects\CPM\x64\Debug\CPM.exe
